This is pdfTeX, Version 3.1415926-2.4-1.40.13 (TeX Live 2012) (format=pdflatex 2012.6.30)  18 AUG 2014 15:42
entering extended mode
 restricted \write18 enabled.
 file:line:error style messages enabled.
 %&-line parsing enabled.
**EPJA_master.tex
(./EPJA_master.tex
LaTeX2e <2011/06/27>
Babel <v3.8m> and hyphenation patterns for english, dumylang, nohyphenation, ge
rman-x-2012-05-30, ngerman-x-2012-05-30, afrikaans, ancientgreek, ibycus, arabi
c, armenian, basque, bulgarian, catalan, pinyin, coptic, croatian, czech, danis
h, dutch, ukenglish, usenglishmax, esperanto, estonian, ethiopic, farsi, finnis
h, french, friulan, galician, german, ngerman, swissgerman, monogreek, greek, h
ungarian, icelandic, assamese, bengali, gujarati, hindi, kannada, malayalam, ma
rathi, oriya, panjabi, tamil, telugu, indonesian, interlingua, irish, italian, 
kurmanji, latin, latvian, lithuanian, mongolian, mongolianlmc, bokmal, nynorsk,
 polish, portuguese, romanian, romansh, russian, sanskrit, serbian, serbianc, s
lovak, slovenian, spanish, swedish, turkish, turkmen, ukrainian, uppersorbian, 
welsh, loaded.
(./svjour.cls
Document Class: svjour 2003/04/15 
LaTeX document class for Springer journals - version 1.11
(./svepj.clo
File: svepj.clo 2002/03/11 v1.2 style option for The European Physical Journal

SVJour Class option: svepj.clo for The European Physical Journal
)
LaTeX Font Info:    Redeclaring math symbol \Gamma on input line 99.
LaTeX Font Info:    Redeclaring math symbol \Delta on input line 100.
LaTeX Font Info:    Redeclaring math symbol \Theta on input line 101.
LaTeX Font Info:    Redeclaring math symbol \Lambda on input line 102.
LaTeX Font Info:    Redeclaring math symbol \Xi on input line 103.
LaTeX Font Info:    Redeclaring math symbol \Pi on input line 104.
LaTeX Font Info:    Redeclaring math symbol \Sigma on input line 105.
LaTeX Font Info:    Redeclaring math symbol \Upsilon on input line 106.
LaTeX Font Info:    Redeclaring math symbol \Phi on input line 107.
LaTeX Font Info:    Redeclaring math symbol \Psi on input line 108.
LaTeX Font Info:    Redeclaring math symbol \Omega on input line 109.
\logodepth=\dimen102
\headerboxheight=\dimen103
\betweenumberspace=\dimen104
\aftertext=\dimen105
\headlineindent=\dimen106
\c@inst=\count79
\c@auth=\count80
\instindent=\dimen107
\authrun=\box26
\authorrunning=\toks14
\titrun=\box27
\titlerunning=\toks15
\combirun=\box28
\c@lastpage=\count81
\c@section=\count82
\c@subsection=\count83
\c@subsubsection=\count84
\c@paragraph=\count85
\c@subparagraph=\count86
\spthmsep=\dimen108
\c@theorem=\count87
\c@case=\count88
\c@conjecture=\count89
\c@corollary=\count90
\c@definition=\count91
\c@example=\count92
\c@exercise=\count93
\c@lemma=\count94
\c@note=\count95
\c@problem=\count96
\c@property=\count97
\c@proposition=\count98
\c@question=\count99
\c@solution=\count100
\c@remark=\count101
\c@figure=\count102
\c@table=\count103
\abovecaptionskip=\skip41
\belowcaptionskip=\skip42
\figcapgap=\dimen109
\tabcapgap=\dimen110
\figgap=\dimen111
\bibindent=\dimen112
\@tempcntc=\count104
) (/usr/local/texlive/2012/texmf-dist/tex/latex/graphics/graphics.sty
Package: graphics 2009/02/05 v1.0o Standard LaTeX Graphics (DPC,SPQR)

(/usr/local/texlive/2012/texmf-dist/tex/latex/graphics/trig.sty
Package: trig 1999/03/16 v1.09 sin cos tan (DPC)
)
(/usr/local/texlive/2012/texmf-dist/tex/latex/latexconfig/graphics.cfg
File: graphics.cfg 2010/04/23 v1.9 graphics configuration of TeX Live
)
Package graphics Info: Driver file: pdftex.def on input line 91.

(/usr/local/texlive/2012/texmf-dist/tex/latex/pdftex-def/pdftex.def
File: pdftex.def 2011/05/27 v0.06d Graphics/color for pdfTeX

(/usr/local/texlive/2012/texmf-dist/tex/generic/oberdiek/infwarerr.sty
Package: infwarerr 2010/04/08 v1.3 Providing info/warning/error messages (HO)
)
(/usr/local/texlive/2012/texmf-dist/tex/generic/oberdiek/ltxcmds.sty
Package: ltxcmds 2011/11/09 v1.22 LaTeX kernel commands for general use (HO)
)
\Gread@gobject=\count105
))
(/usr/local/texlive/2012/texmf-dist/tex/latex/graphics/graphicx.sty
Package: graphicx 1999/02/16 v1.0f Enhanced LaTeX Graphics (DPC,SPQR)

(/usr/local/texlive/2012/texmf-dist/tex/latex/graphics/keyval.sty
Package: keyval 1999/03/16 v1.13 key=value parser (DPC)
\KV@toks@=\toks16
)
\Gin@req@height=\dimen113
\Gin@req@width=\dimen114
)
(/usr/local/texlive/2012/texmf-dist/tex/latex/url/url.sty
\Urlmuskip=\muskip10
Package: url 2006/04/12  ver 3.3  Verb mode for urls, etc.
)
(/usr/local/texlive/2012/texmf-dist/tex/latex/units/nicefrac.sty
Package: nicefrac 1998/08/04 v0.9b Nice fractions
\L@UnitsRaiseDisplaystyle=\skip43
\L@UnitsRaiseTextstyle=\skip44
\L@UnitsRaiseScriptstyle=\skip45

(/usr/local/texlive/2012/texmf-dist/tex/latex/base/ifthen.sty
Package: ifthen 2001/05/26 v1.1c Standard LaTeX ifthen package (DPC)
))
(/usr/local/texlive/2012/texmf-dist/tex/latex/auto-pst-pdf/auto-pst-pdf.sty
Package: auto-pst-pdf 2009/04/26 v0.6 Wrapper for pst-pdf

(/usr/local/texlive/2012/texmf-dist/tex/generic/oberdiek/ifpdf.sty
Package: ifpdf 2011/01/30 v2.3 Provides the ifpdf switch (HO)
Package ifpdf Info: pdfTeX in PDF mode is detected.
)
(/usr/local/texlive/2012/texmf-dist/tex/latex/xkeyval/xkeyval.sty
Package: xkeyval 2008/08/13 v2.6a package option processing (HA)

(/usr/local/texlive/2012/texmf-dist/tex/generic/xkeyval/xkeyval.tex
\XKV@toks=\toks17
\XKV@tempa@toks=\toks18
\XKV@depth=\count106
File: xkeyval.tex 2008/08/13 v2.6a key=value parser (HA)
))
(/usr/local/texlive/2012/texmf-dist/tex/latex/ifplatform/ifplatform.sty
Package: ifplatform 2010/10/22 v0.4 Testing for the operating system

(/usr/local/texlive/2012/texmf-dist/tex/generic/oberdiek/pdftexcmds.sty
Package: pdftexcmds 2011/11/29 v0.20 Utility functions of pdfTeX for LuaTeX (HO
)

(/usr/local/texlive/2012/texmf-dist/tex/generic/oberdiek/ifluatex.sty
Package: ifluatex 2010/03/01 v1.3 Provides the ifluatex switch (HO)
Package ifluatex Info: LuaTeX not detected.
)
Package pdftexcmds Info: LuaTeX not detected.
Package pdftexcmds Info: \pdf@primitive is available.
Package pdftexcmds Info: \pdf@ifprimitive is available.
Package pdftexcmds Info: \pdfdraftmode found.
)
(/usr/local/texlive/2012/texmf-dist/tex/generic/oberdiek/catchfile.sty
Package: catchfile 2011/03/01 v1.6 Catch the contents of a file (HO)

(/usr/local/texlive/2012/texmf-dist/tex/generic/oberdiek/etexcmds.sty
Package: etexcmds 2011/02/16 v1.5 Avoid name clashes with e-TeX commands (HO)
Package etexcmds Info: Could not find \expanded.
(etexcmds)             That can mean that you are not using pdfTeX 1.50 or
(etexcmds)             that some package has redefined \expanded.
(etexcmds)             In the latter case, load this package earlier.
))

Package ifplatform Warning: 
    shell escape is disabled, so I can only detect \ifwindows.

)
\c@app@runs=\count107


/usr/local/texlive/2012/texmf-dist/tex/latex/auto-pst-pdf/auto-pst-pdf.sty:134:
 Package auto-pst-pdf Error: 
    "shell escape" (or "write18") is not enabled:
    auto-pst-pdf will not work!
.

See the auto-pst-pdf package documentation for explanation.
Type  H <return>  for immediate help.
 ...                                              
                                                  
l.134         Or turn off auto-pst-pdf.}
                                        %
? 
(/usr/local/texlive/2012/texmf-dist/tex/latex/pst-pdf/pst-pdf.sty
Package: pst-pdf 2008/10/09 v1.1v PS graphics for pdfLaTeX (RN,HjG)
\c@pspicture=\count108
Package pst-pdf Info: MODE: 1 (pdfTeX mode) on input line 214.

(/usr/local/texlive/2012/texmf-dist/tex/latex/pstricks/pstricks.sty
Package: pstricks 2011/10/31 v0.52 LaTeX wrapper for `PSTricks' (RN,HV)

(/usr/local/texlive/2012/texmf-dist/tex/generic/pstricks/pstricks.tex
(/usr/local/texlive/2012/texmf-dist/tex/generic/xkeyval/pst-xkey.tex
File: pst-xkey.tex 2005/11/25 v1.6 PSTricks specialization of xkeyval (HA)
)
(/usr/local/texlive/2012/texmf-dist/tex/generic/pstricks/pst-fp.tex
`pst-fp' v0.05, 2010/01/17 (hv)
\pstFP@xs=\count109
\pstFP@xia=\count110
\pstFP@xib=\count111
\pstFP@xfa=\count112
\pstFP@xfb=\count113
\pstFP@rega=\count114
\pstFP@regb=\count115
\pstFP@regs=\count116
\pstFP@times=\count117
)
\psLoopIndex=\count118

`PSTricks' v2.29  <2012/06/04> (tvz)
\pst@dima=\dimen115
\pst@dimb=\dimen116
\pst@dimc=\dimen117
\pst@dimd=\dimen118
\pst@dimg=\dimen119
\pst@dimh=\dimen120
\pst@dimm=\dimen121
\pst@dimn=\dimen122
\pst@dimo=\dimen123
\pst@dimp=\dimen124
\pst@hbox=\box29
\pst@ibox=\box30
\pst@boxg=\box31
\pst@cnta=\count119
\pst@cntb=\count120
\pst@cntc=\count121
\pst@cntd=\count122
\pst@cntg=\count123
\pst@cnth=\count124
\pst@cntm=\count125
\pst@cntn=\count126
\pst@cnto=\count127
\pst@cntp=\count128
\@zero=\count129
\pst@toks=\toks19
(/usr/local/texlive/2012/texmf-dist/tex/generic/pstricks/pstricks.con)
\psunit=\dimen125
\psxunit=\dimen126
\psyunit=\dimen127
\pst@C@@rType=\count130
\pslinewidth=\dimen128
\psk@startLW=\dimen129
\psk@endLW=\dimen130
\pst@customdefs=\toks20
\pslinearc=\dimen131
\pst@symbolStep=\dimen132
\pst@symbolWidth=\dimen133
\pst@symbolLinewidth=\dimen134
\everypsbox=\toks21
\psframesep=\dimen135
\pslabelsep=\dimen136
\pst@shift=\dimen137
\theoverlaybox=\box32
)
File: pstricks.tex 2012/06/04 v2.29 `PSTricks' (tvz,hv)

(/usr/local/texlive/2012/texmf-dist/tex/generic/pstricks/pst-fp.tex)
File: pst-fp.tex 2012/06/04 v2.29 `PST-fp' (hv)

(/usr/local/texlive/2012/texmf-dist/tex/latex/xcolor/xcolor.sty
Package: xcolor 2007/01/21 v2.11 LaTeX color extensions (UK)

(/usr/local/texlive/2012/texmf-dist/tex/latex/latexconfig/color.cfg
File: color.cfg 2007/01/18 v1.5 color configuration of teTeX/TeXLive
)
Package xcolor Info: Driver file: pdftex.def on input line 225.
Package xcolor Info: Model `cmy' substituted by `cmy0' on input line 1337.
Package xcolor Info: Model `hsb' substituted by `rgb' on input line 1341.
Package xcolor Info: Model `RGB' extended on input line 1353.
Package xcolor Info: Model `HTML' substituted by `rgb' on input line 1355.
Package xcolor Info: Model `Hsb' substituted by `hsb' on input line 1356.
Package xcolor Info: Model `tHsb' substituted by `hsb' on input line 1357.
Package xcolor Info: Model `HSB' substituted by `hsb' on input line 1358.
Package xcolor Info: Model `Gray' substituted by `gray' on input line 1359.
Package xcolor Info: Model `wave' substituted by `hsb' on input line 1360.
))
\ppf@output=\toks22

(/usr/local/texlive/2012/texmf-dist/tex/latex/preview/preview.sty
Package: preview 2010/02/14 11.86 (AUCTeX/preview-latex)
\pr@snippet=\count131
\pr@box=\box33
\pr@output=\toks23
)
(/usr/local/texlive/2012/texmf-dist/tex/latex/graphics/dvips.def
File: dvips.def 1999/02/16 v3.0i Driver-dependant file (DPC,SPQR)
)
(/usr/local/texlive/2012/texmf-dist/tex/latex/environ/environ.sty
Package: environ 2008/06/18 v0.2 A new way to define environments
\@emptytoks=\toks24
\@envbody=\toks25
)))
(./EPJA_master.aux)
\openout1 = `EPJA_master.aux'.

LaTeX Font Info:    Checking defaults for OML/cmm/m/it on input line 42.
LaTeX Font Info:    ... okay on input line 42.
LaTeX Font Info:    Checking defaults for T1/cmr/m/n on input line 42.
LaTeX Font Info:    ... okay on input line 42.
LaTeX Font Info:    Checking defaults for OT1/cmr/m/n on input line 42.
LaTeX Font Info:    ... okay on input line 42.
LaTeX Font Info:    Checking defaults for OMS/cmsy/m/n on input line 42.
LaTeX Font Info:    ... okay on input line 42.
LaTeX Font Info:    Checking defaults for OMX/cmex/m/n on input line 42.
LaTeX Font Info:    ... okay on input line 42.
LaTeX Font Info:    Checking defaults for U/cmr/m/n on input line 42.
LaTeX Font Info:    ... okay on input line 42.

(/usr/local/texlive/2012/texmf-dist/tex/context/base/supp-pdf.mkii
[Loading MPS to PDF converter (version 2006.09.02).]
\scratchcounter=\count132
\scratchdimen=\dimen138
\scratchbox=\box34
\nofMPsegments=\count133
\nofMParguments=\count134
\everyMPshowfont=\toks26
\MPscratchCnt=\count135
\MPscratchDim=\dimen139
\MPnumerator=\count136
\makeMPintoPDFobject=\count137
\everyMPtoPDFconversion=\toks27
)
Preview: Fontsize 10pt
Preview: PDFoutput 1
(./EPJA_intro_chs.tex
LaTeX Font Info:    External font `cmex10' loaded for size
(Font)              <7> on input line 7.
LaTeX Font Info:    External font `cmex10' loaded for size
(Font)              <5> on input line 7.

Underfull \hbox (badness 10000) in paragraph at lines 35--37

 []


Overfull \hbox (19.72977pt too wide) in alignment at lines 54--57
 [][][] []
 []

<EPJA_master-pics.pdf, id=2, page=1, 547.04375pt x 455.7025pt>
File: EPJA_master-pics.pdf Graphic file (type pdf)

<use EPJA_master-pics.pdf, page 1>
Package pdftex.def Info: EPJA_master-pics.pdf, page1 used on input line 106.
(pdftex.def)             Requested size: 547.0424pt x 455.70137pt.

<EPJA_master-pics.pdf, id=3, page=2, 541.02126pt x 645.41125pt>
File: EPJA_master-pics.pdf Graphic file (type pdf)

<use EPJA_master-pics.pdf, page 2>
Package pdftex.def Info: EPJA_master-pics.pdf, page2 used on input line 116.
(pdftex.def)             Requested size: 541.01993pt x 645.40968pt.
 [1{/usr/local/texlive/2012/texmf-var/fonts/map/pdftex/updmap/pdftex.map}


Non-PDF special ignored!
Non-PDF special ignored!]
Overfull \hbox (8.99562pt too wide) detected at line 128
[][] \OT1/cmr/m/n/10 = [] [][] \OML/cmm/m/it/10 = [][] \OT1/cmr/m/n/10 = \OML/c
mm/m/it/10 G[] \OT1/cmr/m/n/10 + []\OML/cmm/m/it/10 G[];[]
 []

) (./theory.tex [2 <./EPJA_master-pics.pdf> <./EPJA_master-pics.pdf>])
(./EPJA_master.bbl) [3

] (./EPJA_master.aux) ) 
Here is how much of TeX's memory you used:
 4045 strings out of 493488
 54505 string characters out of 3141326
 149273 words of memory out of 3000000
 7287 multiletter control sequences out of 15000+200000
 9891 words of font info for 34 fonts, out of 3000000 for 9000
 957 hyphenation exceptions out of 8191
 44i,10n,42p,785b,339s stack positions out of 5000i,500n,10000p,200000b,50000s
</usr/local/texlive/2012/texmf-dist/fonts/type1/public/a
msfonts/cm/cmbx9.pfb></usr/local/texlive/2012/texmf-dist/fonts/type1/public/ams
fonts/cm/cmex10.pfb></usr/local/texlive/2012/texmf-dist/fonts/type1/public/amsf
onts/cm/cmmi10.pfb></usr/local/texlive/2012/texmf-dist/fonts/type1/public/amsfo
nts/cm/cmmi5.pfb></usr/local/texlive/2012/texmf-dist/fonts/type1/public/amsfont
s/cm/cmmi7.pfb></usr/local/texlive/2012/texmf-dist/fonts/type1/public/amsfonts/
cm/cmmib10.pfb></usr/local/texlive/2012/texmf-dist/fonts/type1/public/amsfonts/
cm/cmr10.pfb></usr/local/texlive/2012/texmf-dist/fonts/type1/public/amsfonts/cm
/cmr5.pfb></usr/local/texlive/2012/texmf-dist/fonts/type1/public/amsfonts/cm/cm
r7.pfb></usr/local/texlive/2012/texmf-dist/fonts/type1/public/amsfonts/cm/cmr9.
pfb></usr/local/texlive/2012/texmf-dist/fonts/type1/public/amsfonts/cm/cmssbx10
.pfb></usr/local/texlive/2012/texmf-dist/fonts/type1/public/amsfonts/cm/cmsy10.
pfb></usr/local/texlive/2012/texmf-dist/fonts/type1/public/amsfonts/cm/cmsy7.pf
b></usr/local/texlive/2012/texmf-dist/fonts/type1/public/amsfonts/cm/cmti10.pfb
></usr/local/texlive/2012/texmf-dist/fonts/type1/public/amsfonts/cm/cmti9.pfb>
Output written on EPJA_master.pdf (3 pages, 249075 bytes).
PDF statistics:
 84 PDF objects out of 1000 (max. 8388607)
 58 compressed objects within 1 object stream
 0 named destinations out of 1000 (max. 500000)
 16 words of extra memory for PDF output out of 10000 (max. 10000000)

